mode: set
/home/mp/Development/learning/LeetCode/383---Ransom-Note/solution383.go:10.60,14.31 2 1
/home/mp/Development/learning/LeetCode/383---Ransom-Note/solution383.go:14.31,17.10 3 1
/home/mp/Development/learning/LeetCode/383---Ransom-Note/solution383.go:17.10,19.4 1 1
/home/mp/Development/learning/LeetCode/383---Ransom-Note/solution383.go:19.9,21.4 1 1
/home/mp/Development/learning/LeetCode/383---Ransom-Note/solution383.go:23.2,24.29 2 1
/home/mp/Development/learning/LeetCode/383---Ransom-Note/solution383.go:24.29,27.9 3 1
/home/mp/Development/learning/LeetCode/383---Ransom-Note/solution383.go:27.9,30.17 3 1
/home/mp/Development/learning/LeetCode/383---Ransom-Note/solution383.go:30.17,33.5 2 0
/home/mp/Development/learning/LeetCode/383---Ransom-Note/solution383.go:36.2,37.20 2 1
