mode: set
/home/mp/Development/learning/LeetCode/819---Most-Common-Word/solution819.go:24.63,27.59 3 1
/home/mp/Development/learning/LeetCode/819---Most-Common-Word/solution819.go:27.59,29.3 1 1
/home/mp/Development/learning/LeetCode/819---Most-Common-Word/solution819.go:30.2,32.29 2 1
/home/mp/Development/learning/LeetCode/819---Most-Common-Word/solution819.go:32.29,34.32 2 1
/home/mp/Development/learning/LeetCode/819---Most-Common-Word/solution819.go:34.32,35.18 1 1
/home/mp/Development/learning/LeetCode/819---Most-Common-Word/solution819.go:35.18,36.19 1 1
/home/mp/Development/learning/LeetCode/819---Most-Common-Word/solution819.go:39.3,40.9 2 1
/home/mp/Development/learning/LeetCode/819---Most-Common-Word/solution819.go:40.9,42.4 1 1
/home/mp/Development/learning/LeetCode/819---Most-Common-Word/solution819.go:42.9,44.4 1 1
/home/mp/Development/learning/LeetCode/819---Most-Common-Word/solution819.go:45.3,45.20 1 1
/home/mp/Development/learning/LeetCode/819---Most-Common-Word/solution819.go:45.20,48.4 2 1
/home/mp/Development/learning/LeetCode/819---Most-Common-Word/solution819.go:50.2,50.15 1 1
